[debug] [2021-07-20T16:02:52.409Z] ----------------------------------------------------------------------
[debug] [2021-07-20T16:02:52.411Z] Command:       /usr/local/bin/firebase /Users/raih/.cache/firebase/tools/lib/node_modules/firebase-tools/lib/bin/firebase emulators:start --only functions
[debug] [2021-07-20T16:02:52.411Z] CLI Version:   9.14.0
[debug] [2021-07-20T16:02:52.411Z] Platform:      darwin
[debug] [2021-07-20T16:02:52.411Z] Node Version:  v12.18.1
[debug] [2021-07-20T16:02:52.412Z] Time:          Tue Jul 20 2021 19:02:52 GMT+0300 (Moscow Standard Time)
[debug] [2021-07-20T16:02:52.412Z] ----------------------------------------------------------------------
[debug] 
[debug] [2021-07-20T16:02:52.419Z] > command requires scopes: ["email","openid","https://www.googleapis.com/auth/cloudplatformprojects.readonly","https://www.googleapis.com/auth/firebase","https://www.googleapis.com/auth/cloud-platform"]
[info] i  emulators: Starting emulators: functions {"metadata":{"emulator":{"name":"hub"},"message":"Starting emulators: functions"}}
[debug] [2021-07-20T16:02:52.863Z] [hub] writing locator at /var/folders/vf/fm6hdyh564v2m0ygx_8fgj500000gp/T/hub-botoapp.json
[warn] ⚠  functions: The following emulators are not running, calls to these services from the Functions emulator will affect production: auth, firestore, database, hosting, pubsub, storage {"metadata":{"emulator":{"name":"functions"},"message":"The following emulators are not running, calls to these services from the Functions emulator will affect production: \u001b[1mauth, firestore, database, hosting, pubsub, storage\u001b[22m"}}
[warn] ⚠  Your requested "node" version "10" doesn't match your global version "12" {"metadata":{"emulator":{"name":"functions"},"message":"Your requested \"node\" version \"10\" doesn't match your global version \"12\""}}
[warn] ⚠  functions: You are not signed in to the Firebase CLI. If you have authorized this machine using gcloud application-default credentials those may be discovered and used to access production services. {"metadata":{"emulator":{"name":"functions"},"message":"You are not signed in to the Firebase CLI. If you have authorized this machine using gcloud application-default credentials those may be discovered and used to access production services."}}
[debug] [2021-07-20T16:02:52.881Z] >>> [apiv2][query] GET https://firebase.googleapis.com/v1beta1/projects/botoapp/adminSdkConfig [none]
[debug] [2021-07-20T16:02:53.302Z] <<< [apiv2][status] GET https://firebase.googleapis.com/v1beta1/projects/botoapp/adminSdkConfig 403
[debug] [2021-07-20T16:02:53.302Z] <<< [apiv2][body] GET https://firebase.googleapis.com/v1beta1/projects/botoapp/adminSdkConfig {"error":{"code":403,"message":"Your application has authenticated using end user credentials from the Google Cloud SDK or Google Cloud Shell which are not supported by the firebase.googleapis.com. We recommend configuring the billing/quota_project setting in gcloud or using a service account through the auth/impersonate_service_account setting. For more information about service accounts and how to use them in your application, see https://cloud.google.com/docs/authentication/.","status":"PERMISSION_DENIED","details":[{"@type":"type.googleapis.com/google.rpc.ErrorInfo","reason":"SERVICE_DISABLED","domain":"googleapis.com","metadata":{"consumer":"projects/764086051850","service":"firebase.googleapis.com"}}]}}
[debug] [2021-07-20T16:02:53.303Z] Failed to get Admin SDK config for botoapp, falling back to cache Failed to get Admin SDK for Firebase project botoapp. Please make sure the project exists and your account has permission to access it. {"name":"FirebaseError","children":[],"exit":2,"message":"Failed to get Admin SDK for Firebase project botoapp. Please make sure the project exists and your account has permission to access it.","original":{"name":"FirebaseError","children":[],"context":{"body":{"error":{"code":403,"message":"Your application has authenticated using end user credentials from the Google Cloud SDK or Google Cloud Shell which are not supported by the firebase.googleapis.com. We recommend configuring the billing/quota_project setting in gcloud or using a service account through the auth/impersonate_service_account setting. For more information about service accounts and how to use them in your application, see https://cloud.google.com/docs/authentication/.","status":"PERMISSION_DENIED","details":[{"@type":"type.googleapis.com/google.rpc.ErrorInfo","reason":"SERVICE_DISABLED","domain":"googleapis.com","metadata":{"consumer":"projects/764086051850","service":"firebase.googleapis.com"}}]}},"response":{"statusCode":403}},"exit":1,"message":"HTTP Error: 403, Your application has authenticated using end user credentials from the Google Cloud SDK or Google Cloud Shell which are not supported by the firebase.googleapis.com. We recommend configuring the billing/quota_project setting in gcloud or using a service account through the auth/impersonate_service_account setting. For more information about service accounts and how to use them in your application, see https://cloud.google.com/docs/authentication/.","status":403},"status":500}
[warn] ⚠  functions: Unable to fetch project Admin SDK configuration, Admin SDK behavior in Cloud Functions emulator may be incorrect. {"metadata":{"emulator":{"name":"functions"},"message":"Unable to fetch project Admin SDK configuration, Admin SDK behavior in Cloud Functions emulator may be incorrect."}}
[warn] ⚠  ui: Emulator UI unable to start on port 4000, starting on 4005 instead. {"metadata":{"emulator":{"name":"ui"},"message":"Emulator UI unable to start on port 4000, starting on 4005 instead."}}
[debug] [2021-07-20T16:02:53.583Z] Ignoring unsupported arg: auto_download {"metadata":{"emulator":{"name":"ui"},"message":"Ignoring unsupported arg: auto_download"}}
[debug] [2021-07-20T16:02:53.583Z] Ignoring unsupported arg: port {"metadata":{"emulator":{"name":"ui"},"message":"Ignoring unsupported arg: port"}}
[debug] [2021-07-20T16:02:53.583Z] Starting Emulator UI with command {"binary":"node","args":["/Users/raih/.cache/firebase/emulators/ui-v1.5.0/server.bundle.js"],"optionalArgs":[],"joinArgs":false} {"metadata":{"emulator":{"name":"ui"},"message":"Starting Emulator UI with command {\"binary\":\"node\",\"args\":[\"/Users/raih/.cache/firebase/emulators/ui-v1.5.0/server.bundle.js\"],\"optionalArgs\":[],\"joinArgs\":false}"}}
[info] i  ui: Emulator UI logging to ui-debug.log {"metadata":{"emulator":{"name":"ui"},"message":"Emulator UI logging to \u001b[1mui-debug.log\u001b[22m"}}
[debug] [2021-07-20T16:02:53.787Z] Web / API server started at http://localhost:4005
 {"metadata":{"emulator":{"name":"ui"},"message":"Web / API server started at http://localhost:4005\n"}}
[info] i  functions: Watching "/Users/raih/Documents/workspace/dev/boto-app/functions" for Cloud Functions... {"metadata":{"emulator":{"name":"functions"},"message":"Watching \"/Users/raih/Documents/workspace/dev/boto-app/functions\" for Cloud Functions..."}}
[debug] [2021-07-20T16:02:53.866Z] [worker-pool] addWorker(~diagnostic~) {"metadata":{"emulator":{"name":"functions"},"message":"[worker-pool] addWorker(~diagnostic~)"}}
[debug] [2021-07-20T16:02:53.866Z] [worker-pool] Adding worker with key ~diagnostic~, total=1 {"metadata":{"emulator":{"name":"functions"},"message":"[worker-pool] Adding worker with key ~diagnostic~, total=1"}}
[debug] [2021-07-20T16:02:53.866Z] [worker-pool] submitWork(triggerId=) {"metadata":{"emulator":{"name":"functions"},"message":"[worker-pool] submitWork(triggerId=)"}}
[debug] [2021-07-20T16:02:53.867Z] [worker-~diagnostic~-261b4386-e4f2-4cef-abce-6f6ef0fe1b60]: Assigning socketPath: /var/folders/vf/fm6hdyh564v2m0ygx_8fgj500000gp/T/fire_emu_93054.sock {"metadata":{"emulator":{"name":"functions"},"message":"[worker-~diagnostic~-261b4386-e4f2-4cef-abce-6f6ef0fe1b60]: Assigning socketPath: /var/folders/vf/fm6hdyh564v2m0ygx_8fgj500000gp/T/fire_emu_93054.sock"}}
[debug] [2021-07-20T16:02:53.867Z] [worker-~diagnostic~-261b4386-e4f2-4cef-abce-6f6ef0fe1b60]: BUSY {"metadata":{"emulator":{"name":"functions"},"message":"[worker-~diagnostic~-261b4386-e4f2-4cef-abce-6f6ef0fe1b60]: BUSY"}}
[debug] [2021-07-20T16:02:54.111Z] [runtime-status] [93054] Functions runtime initialized. {"cwd":"/Users/raih/Documents/workspace/dev/boto-app/functions","node_version":"12.18.1"} {"metadata":{"emulator":{"name":"functions"},"message":"[runtime-status] [93054] Functions runtime initialized. {\"cwd\":\"/Users/raih/Documents/workspace/dev/boto-app/functions\",\"node_version\":\"12.18.1\"}"}}
[debug] [2021-07-20T16:02:54.112Z] [runtime-status] [93054] Disabled runtime features: undefined {"metadata":{"emulator":{"name":"functions"},"message":"[runtime-status] [93054] Disabled runtime features: undefined"}}
[debug] [2021-07-20T16:02:54.114Z] [runtime-status] [93054] Resolved module firebase-admin {"declared":true,"installed":true,"version":"8.13.0","resolution":"/Users/raih/Documents/workspace/dev/boto-app/functions/node_modules/firebase-admin/lib/index.js"} {"metadata":{"emulator":{"name":"functions"},"message":"[runtime-status] [93054] Resolved module firebase-admin {\"declared\":true,\"installed\":true,\"version\":\"8.13.0\",\"resolution\":\"/Users/raih/Documents/workspace/dev/boto-app/functions/node_modules/firebase-admin/lib/index.js\"}"}}
[debug] [2021-07-20T16:02:54.115Z] [runtime-status] [93054] Resolved module firebase-functions {"declared":true,"installed":true,"version":"3.14.1","resolution":"/Users/raih/Documents/workspace/dev/boto-app/functions/node_modules/firebase-functions/lib/index.js"} {"metadata":{"emulator":{"name":"functions"},"message":"[runtime-status] [93054] Resolved module firebase-functions {\"declared\":true,\"installed\":true,\"version\":\"3.14.1\",\"resolution\":\"/Users/raih/Documents/workspace/dev/boto-app/functions/node_modules/firebase-functions/lib/index.js\"}"}}
[debug] [2021-07-20T16:02:54.116Z] [runtime-status] [93054] Found local functions config: /Users/raih/Documents/workspace/dev/boto-app/functions/.runtimeconfig.json {"metadata":{"emulator":{"name":"functions"},"message":"[runtime-status] [93054] Found local functions config: /Users/raih/Documents/workspace/dev/boto-app/functions/.runtimeconfig.json"}}
[debug] [2021-07-20T16:02:54.116Z] [runtime-status] [93054] Resolved module firebase-functions {"declared":true,"installed":true,"version":"3.14.1","resolution":"/Users/raih/Documents/workspace/dev/boto-app/functions/node_modules/firebase-functions/lib/index.js"} {"metadata":{"emulator":{"name":"functions"},"message":"[runtime-status] [93054] Resolved module firebase-functions {\"declared\":true,\"installed\":true,\"version\":\"3.14.1\",\"resolution\":\"/Users/raih/Documents/workspace/dev/boto-app/functions/node_modules/firebase-functions/lib/index.js\"}"}}
[debug] [2021-07-20T16:02:54.118Z] [runtime-status] [93054] Outgoing network have been stubbed. [{"name":"http","status":"mocked"},{"name":"http","status":"mocked"},{"name":"https","status":"mocked"},{"name":"https","status":"mocked"},{"name":"net","status":"mocked"}] {"metadata":{"emulator":{"name":"functions"},"message":"[runtime-status] [93054] Outgoing network have been stubbed. [{\"name\":\"http\",\"status\":\"mocked\"},{\"name\":\"http\",\"status\":\"mocked\"},{\"name\":\"https\",\"status\":\"mocked\"},{\"name\":\"https\",\"status\":\"mocked\"},{\"name\":\"net\",\"status\":\"mocked\"}]"}}
[debug] [2021-07-20T16:02:54.118Z] [runtime-status] [93054] Resolved module firebase-functions {"declared":true,"installed":true,"version":"3.14.1","resolution":"/Users/raih/Documents/workspace/dev/boto-app/functions/node_modules/firebase-functions/lib/index.js"} {"metadata":{"emulator":{"name":"functions"},"message":"[runtime-status] [93054] Resolved module firebase-functions {\"declared\":true,\"installed\":true,\"version\":\"3.14.1\",\"resolution\":\"/Users/raih/Documents/workspace/dev/boto-app/functions/node_modules/firebase-functions/lib/index.js\"}"}}
[debug] [2021-07-20T16:02:54.155Z] [runtime-status] [93054] Checked functions.config() {"config":{"telegram":{"token":"1885832340:AAHesrtudJH7f7Pk8dPkcvYUxs2T4SKNNQ4"}}} {"metadata":{"emulator":{"name":"functions"},"message":"[runtime-status] [93054] Checked functions.config() {\"config\":{\"telegram\":{\"token\":\"1885832340:AAHesrtudJH7f7Pk8dPkcvYUxs2T4SKNNQ4\"}}}"}}
[debug] [2021-07-20T16:02:54.155Z] [runtime-status] [93054] firebase-functions has been stubbed. {"functionsResolution":{"declared":true,"installed":true,"version":"3.14.1","resolution":"/Users/raih/Documents/workspace/dev/boto-app/functions/node_modules/firebase-functions/lib/index.js"}} {"metadata":{"emulator":{"name":"functions"},"message":"[runtime-status] [93054] firebase-functions has been stubbed. {\"functionsResolution\":{\"declared\":true,\"installed\":true,\"version\":\"3.14.1\",\"resolution\":\"/Users/raih/Documents/workspace/dev/boto-app/functions/node_modules/firebase-functions/lib/index.js\"}}"}}
[debug] [2021-07-20T16:02:54.155Z] [runtime-status] [93054] Resolved module firebase-functions {"declared":true,"installed":true,"version":"3.14.1","resolution":"/Users/raih/Documents/workspace/dev/boto-app/functions/node_modules/firebase-functions/lib/index.js"} {"metadata":{"emulator":{"name":"functions"},"message":"[runtime-status] [93054] Resolved module firebase-functions {\"declared\":true,\"installed\":true,\"version\":\"3.14.1\",\"resolution\":\"/Users/raih/Documents/workspace/dev/boto-app/functions/node_modules/firebase-functions/lib/index.js\"}"}}
[debug] [2021-07-20T16:02:54.156Z] [runtime-status] [93054] Resolved module firebase-admin {"declared":true,"installed":true,"version":"8.13.0","resolution":"/Users/raih/Documents/workspace/dev/boto-app/functions/node_modules/firebase-admin/lib/index.js"} {"metadata":{"emulator":{"name":"functions"},"message":"[runtime-status] [93054] Resolved module firebase-admin {\"declared\":true,\"installed\":true,\"version\":\"8.13.0\",\"resolution\":\"/Users/raih/Documents/workspace/dev/boto-app/functions/node_modules/firebase-admin/lib/index.js\"}"}}
[debug] [2021-07-20T16:02:54.156Z] [runtime-status] [93054] Resolved module firebase-functions {"declared":true,"installed":true,"version":"3.14.1","resolution":"/Users/raih/Documents/workspace/dev/boto-app/functions/node_modules/firebase-functions/lib/index.js"} {"metadata":{"emulator":{"name":"functions"},"message":"[runtime-status] [93054] Resolved module firebase-functions {\"declared\":true,\"installed\":true,\"version\":\"3.14.1\",\"resolution\":\"/Users/raih/Documents/workspace/dev/boto-app/functions/node_modules/firebase-functions/lib/index.js\"}"}}
[debug] [2021-07-20T16:02:54.157Z] [runtime-status] [93054] firebase-admin has been stubbed. {"adminResolution":{"declared":true,"installed":true,"version":"8.13.0","resolution":"/Users/raih/Documents/workspace/dev/boto-app/functions/node_modules/firebase-admin/lib/index.js"}} {"metadata":{"emulator":{"name":"functions"},"message":"[runtime-status] [93054] firebase-admin has been stubbed. {\"adminResolution\":{\"declared\":true,\"installed\":true,\"version\":\"8.13.0\",\"resolution\":\"/Users/raih/Documents/workspace/dev/boto-app/functions/node_modules/firebase-admin/lib/index.js\"}}"}}
[debug] [2021-07-20T16:02:54.261Z] [runtime-status] [93054] initializeApp(DEFAULT) {"storageBucket":"botoapp.appspot.com","databaseURL":"https://botoapp.firebaseio.com","projectId":"botoapp"} {"metadata":{"emulator":{"name":"functions"},"message":"[runtime-status] [93054] initializeApp(DEFAULT) {\"storageBucket\":\"botoapp.appspot.com\",\"databaseURL\":\"https://botoapp.firebaseio.com\",\"projectId\":\"botoapp\"}"}}
[info] ✔  functions[us-central1-app]: http function initialized (http://localhost:5001/botoapp/us-central1/app). {"metadata":{"emulator":{"name":"functions"},"message":"\u001b[1mhttp\u001b[22m function initialized (http://localhost:5001/botoapp/us-central1/app)."}}
[info] 
┌─────────────────────────────────────────────────────────────┐
│ ✔  All emulators ready! It is now safe to connect your app. │
│ i  View Emulator UI at http://localhost:4005                │
└─────────────────────────────────────────────────────────────┘

┌───────────┬────────────────┬─────────────────────────────────┐
│ Emulator  │ Host:Port      │ View in Emulator UI             │
├───────────┼────────────────┼─────────────────────────────────┤
│ Functions │ localhost:5001 │ http://localhost:4005/functions │
└───────────┴────────────────┴─────────────────────────────────┘
  Emulator Hub running at localhost:4400
  Other reserved ports: 4500

Issues? Report them at https://github.com/firebase/firebase-tools/issues and attach the *-debug.log files.
 
[debug] [2021-07-20T16:02:54.267Z] [worker-~diagnostic~-261b4386-e4f2-4cef-abce-6f6ef0fe1b60]: IDLE {"metadata":{"emulator":{"name":"functions"},"message":"[worker-~diagnostic~-261b4386-e4f2-4cef-abce-6f6ef0fe1b60]: IDLE"}}
