Arguments: 
  /Users/raih/.nvm/versions/node/v10.14.1/bin/node /Users/raih/.nvm/versions/node/v10.14.1/bin/yarn run:frontend

PATH: 
  /Users/raih/.nvm/versions/node/v10.14.1/bin:/Users/raih/.rvm/gems/ruby-2.5.1/bin:/Users/raih/.rvm/gems/ruby-2.5.1@global/bin:/Users/raih/.rvm/rubies/ruby-2.5.1/bin:/usr/local/bin:/usr/bin:/bin:/usr/sbin:/sbin:/Library/Apple/usr/bin:/Users/raih/Documents/workspace/google-cloud-sdk/bin:/Users/raih/.sdkman/candidates/java/current/bin:/Users/raih/.nvm/versions/node/v10.14.1/bin:/Users/raih/.rvm/gems/ruby-2.5.1/bin:/Users/raih/.rvm/gems/ruby-2.5.1@global/bin:/Users/raih/.rvm/rubies/ruby-2.5.1/bin:/Users/raih/.rvm/bin:/Users/raih/Library/Android/sdk/tools:/Users/raih/Library/Android/sdk/platform-tools:/Users/raih/Library/Android/sdk/build-tools:/Users/raih/Library/Android/sdk/platforms:/Users/raih/Library/Android/sdk/tools:/Users/raih/Library/Android/sdk/platform-tools:/Users/raih/Library/Android/sdk/build-tools:/Users/raih/Library/Android/sdk/platforms

Yarn version: 
  1.22.11

Node version: 
  10.14.1

Platform: 
  darwin x64

Trace: 
  SyntaxError: /Users/raih/Documents/workspace/dev/boto-app/package.json: Unexpected token } in JSON at position 616
      at JSON.parse (<anonymous>)
      at /Users/raih/.nvm/versions/node/v10.14.1/lib/node_modules/yarn/lib/cli.js:1625:59
      at Generator.next (<anonymous>)
      at step (/Users/raih/.nvm/versions/node/v10.14.1/lib/node_modules/yarn/lib/cli.js:310:30)
      at /Users/raih/.nvm/versions/node/v10.14.1/lib/node_modules/yarn/lib/cli.js:321:13

npm manifest: 
  {
    "name": "boto-app",
    "version": "1.0.0",
    "description": "",
    "main": "index.js",
    "scripts": {
      "run:backend": "cd ./backend/functions && npm run serve",
      "run:ngrok": "ngrok http 5001",
      "run:frontend": "cd ./frontend && npm run serve",
      "serve": "npm run run:backend & npm run run:ngrok & npm run run:frontend"
    },
    "repository": {
      "type": "git",
      "url": "git+https://github.com/AndreyRaih/boto-app.git"
    },
    "author": "",
    "license": "ISC",
    "bugs": {
      "url": "https://github.com/AndreyRaih/boto-app/issues"
    },
    "homepage": "https://github.com/AndreyRaih/boto-app#readme",
  }

yarn manifest: 
  No manifest

Lockfile: 
  No lockfile
